{"/Users/yangwoo/Desktop/svb_facebook_counter/server.js":{"path":"/Users/yangwoo/Desktop/svb_facebook_counter/server.js","s":{"1":1,"2":1,"3":1,"4":0,"5":0,"6":0,"7":0,"8":0,"9":0,"10":0,"11":0,"12":0,"13":0,"14":0,"15":0,"16":0,"17":0,"18":0,"19":0,"20":1,"21":0,"22":0,"23":0,"24":0,"25":0,"26":0,"27":0,"28":0,"29":0,"30":0,"31":0,"32":0},"b":{"1":[0,0],"2":[0,0],"3":[0,0],"4":[0,0]},"f":{"1":0,"2":0,"3":0,"4":0,"5":0},"fnMap":{"1":{"name":"(anonymous_1)","line":23,"loc":{"start":{"line":23,"column":13},"end":{"line":23,"column":33}}},"2":{"name":"(anonymous_2)","line":26,"loc":{"start":{"line":26,"column":20},"end":{"line":26,"column":40}}},"3":{"name":"(anonymous_3)","line":37,"loc":{"start":{"line":37,"column":21},"end":{"line":37,"column":41}}},"4":{"name":"callback","line":48,"loc":{"start":{"line":48,"column":1},"end":{"line":48,"column":42}}},"5":{"name":"(anonymous_5)","line":70,"loc":{"start":{"line":70,"column":17},"end":{"line":70,"column":34}}}},"statementMap":{"1":{"start":{"line":1,"column":0},"end":{"line":1,"column":32}},"2":{"start":{"line":4,"column":0},"end":{"line":4,"column":39}},"3":{"start":{"line":5,"column":0},"end":{"line":5,"column":40}},"4":{"start":{"line":6,"column":0},"end":{"line":6,"column":32}},"5":{"start":{"line":7,"column":0},"end":{"line":7,"column":26}},"6":{"start":{"line":8,"column":0},"end":{"line":8,"column":24}},"7":{"start":{"line":10,"column":0},"end":{"line":10,"column":35}},"8":{"start":{"line":11,"column":0},"end":{"line":11,"column":15}},"9":{"start":{"line":20,"column":0},"end":{"line":20,"column":27}},"10":{"start":{"line":21,"column":0},"end":{"line":21,"column":51}},"11":{"start":{"line":23,"column":0},"end":{"line":25,"column":2}},"12":{"start":{"line":24,"column":1},"end":{"line":24,"column":44}},"13":{"start":{"line":26,"column":0},"end":{"line":28,"column":2}},"14":{"start":{"line":27,"column":1},"end":{"line":27,"column":19}},"15":{"start":{"line":32,"column":0},"end":{"line":32,"column":18}},"16":{"start":{"line":37,"column":0},"end":{"line":65,"column":2}},"17":{"start":{"line":40,"column":1},"end":{"line":40,"column":40}},"18":{"start":{"line":41,"column":1},"end":{"line":41,"column":30}},"19":{"start":{"line":42,"column":1},"end":{"line":47,"column":3}},"20":{"start":{"line":48,"column":1},"end":{"line":62,"column":2}},"21":{"start":{"line":49,"column":2},"end":{"line":61,"column":3}},"22":{"start":{"line":51,"column":3},"end":{"line":51,"column":35}},"23":{"start":{"line":53,"column":3},"end":{"line":57,"column":4}},"24":{"start":{"line":54,"column":4},"end":{"line":54,"column":30}},"25":{"start":{"line":56,"column":4},"end":{"line":56,"column":30}},"26":{"start":{"line":58,"column":3},"end":{"line":58,"column":26}},"27":{"start":{"line":60,"column":3},"end":{"line":60,"column":110}},"28":{"start":{"line":63,"column":1},"end":{"line":63,"column":28}},"29":{"start":{"line":70,"column":0},"end":{"line":76,"column":2}},"30":{"start":{"line":71,"column":1},"end":{"line":75,"column":2}},"31":{"start":{"line":72,"column":2},"end":{"line":72,"column":22}},"32":{"start":{"line":74,"column":2},"end":{"line":74,"column":105}}},"branchMap":{"1":{"line":49,"type":"if","locations":[{"start":{"line":49,"column":2},"end":{"line":49,"column":2}},{"start":{"line":49,"column":2},"end":{"line":49,"column":2}}]},"2":{"line":49,"type":"binary-expr","locations":[{"start":{"line":49,"column":6},"end":{"line":49,"column":12}},{"start":{"line":49,"column":16},"end":{"line":49,"column":42}}]},"3":{"line":53,"type":"if","locations":[{"start":{"line":53,"column":3},"end":{"line":53,"column":3}},{"start":{"line":53,"column":3},"end":{"line":53,"column":3}}]},"4":{"line":71,"type":"if","locations":[{"start":{"line":71,"column":1},"end":{"line":71,"column":1}},{"start":{"line":71,"column":1},"end":{"line":71,"column":1}}]}}}}