TN:
SF:/Users/yangwoo/Desktop/svb_facebook_counter/server.js
FN:23,(anonymous_1)
FN:26,(anonymous_2)
FN:37,(anonymous_3)
FN:48,callback
FN:70,(anonymous_5)
FNF:5
FNH:0
FNDA:0,(anonymous_1)
FNDA:0,(anonymous_2)
FNDA:0,(anonymous_3)
FNDA:0,callback
FNDA:0,(anonymous_5)
DA:1,1
DA:4,1
DA:5,1
DA:6,0
DA:7,0
DA:8,0
DA:10,0
DA:11,0
DA:20,0
DA:21,0
DA:23,0
DA:24,0
DA:26,0
DA:27,0
DA:32,0
DA:37,0
DA:40,0
DA:41,0
DA:42,0
DA:48,1
DA:49,0
DA:51,0
DA:53,0
DA:54,0
DA:56,0
DA:58,0
DA:60,0
DA:63,0
DA:70,0
DA:71,0
DA:72,0
DA:74,0
LF:32
LH:4
BRDA:49,1,0,0
BRDA:49,1,1,0
BRDA:49,2,0,0
BRDA:49,2,1,0
BRDA:53,3,0,0
BRDA:53,3,1,0
BRDA:71,4,0,0
BRDA:71,4,1,0
BRF:8
BRH:0
end_of_record
